[23Dec2024 04:37:52.073] [main/INFO] [cpw.mods.modlauncher.Launcher/MODLAUNCHER]: ModLauncher running: args [--launchTarget, forgeserver, --fml.forgeVersion, 43.4.2, --fml.mcVersion, 1.19.2, --fml.forgeGroup, net.minecraftforge, --fml.mcpVersion, 20220805.130853]
[23Dec2024 04:37:52.081] [main/INFO] [cpw.mods.modlauncher.Launcher/MODLAUNCHER]: ModLauncher 10.0.8+10.0.8+main.0ef7e830 starting: java version 21.0.5 by Microsoft; OS Linux arch amd64 version 6.5.0-1025-azure
[23Dec2024 04:38:01.566] [main/INFO] [mixin/]: SpongePowered MIXIN Subsystem Version=0.8.5 Source=union:/workspaces/Bosque-Encantado/servidor_minecraft/libraries/org/spongepowered/mixin/0.8.5/mixin-0.8.5.jar%2363!/ Service=ModLauncher Env=SERVER
[23Dec2024 04:38:03.979] [main/WARN] [net.minecraftforge.fml.loading.moddiscovery.ModFileParser/LOADING]: Mod file /workspaces/Bosque-Encantado/servidor_minecraft/libraries/net/minecraftforge/fmlcore/1.19.2-43.4.2/fmlcore-1.19.2-43.4.2.jar is missing mods.toml file
[23Dec2024 04:38:03.989] [main/WARN] [net.minecraftforge.fml.loading.moddiscovery.ModFileParser/LOADING]: Mod file /workspaces/Bosque-Encantado/servidor_minecraft/libraries/net/minecraftforge/javafmllanguage/1.19.2-43.4.2/javafmllanguage-1.19.2-43.4.2.jar is missing mods.toml file
[23Dec2024 04:38:03.990] [main/WARN] [net.minecraftforge.fml.loading.moddiscovery.ModFileParser/LOADING]: Mod file /workspaces/Bosque-Encantado/servidor_minecraft/libraries/net/minecraftforge/lowcodelanguage/1.19.2-43.4.2/lowcodelanguage-1.19.2-43.4.2.jar is missing mods.toml file
[23Dec2024 04:38:03.991] [main/WARN] [net.minecraftforge.fml.loading.moddiscovery.ModFileParser/LOADING]: Mod file /workspaces/Bosque-Encantado/servidor_minecraft/libraries/net/minecraftforge/mclanguage/1.19.2-43.4.2/mclanguage-1.19.2-43.4.2.jar is missing mods.toml file
[23Dec2024 04:38:05.646] [main/WARN] [net.minecraftforge.jarjar.selection.JarSelector/]: Attempted to select two dependency jars from JarJar which have the same identification: Mod File:  and Mod File: . Using Mod File: 
[23Dec2024 04:38:05.661] [main/WARN] [net.minecraftforge.jarjar.selection.JarSelector/]: Attempted to select a dependency jar for JarJar which was passed in as source: resourcefullib. Using Mod File: /workspaces/Bosque-Encantado/servidor_minecraft/mods/resourcefullib-forge-1.19.2-1.1.24.jar
[23Dec2024 04:38:05.662] [main/WARN] [net.minecraftforge.jarjar.selection.JarSelector/]: Attempted to select a dependency jar for JarJar which was passed in as source: botarium. Using Mod File: /workspaces/Bosque-Encantado/servidor_minecraft/mods/botarium-forge-1.19.2-1.8.2.jar
[23Dec2024 04:38:05.662] [main/INFO] [net.minecraftforge.fml.loading.moddiscovery.JarInJarDependencyLocator/]: Found 16 dependencies adding them to mods collection
[23Dec2024 04:38:37.644] [main/INFO] [mixin/]: Compatibility level set to JAVA_17
[23Dec2024 04:38:39.528] [main/INFO] [mixin/]: Successfully loaded Mixin Connector [shetiphian.core.mixins.MixinConnector]
[23Dec2024 04:38:39.536] [main/INFO] [mixin/]: Successfully loaded Mixin Connector [ca.spottedleaf.starlight.mixin.MixinConnector]
[23Dec2024 04:38:39.588] [main/INFO] [mixin/]: Successfully loaded Mixin Connector [com.aizistral.nochatreports.MixinConnector]
[23Dec2024 04:38:39.596] [main/INFO] [mixin/]: Successfully loaded Mixin Connector [shetiphian.endertanks.mixins.MixinConnector]
[23Dec2024 04:38:39.598] [main/INFO] [cpw.mods.modlauncher.LaunchServiceHandler/MODLAUNCHER]: Launching target 'forgeserver' with arguments []
[23Dec2024 04:38:40.228] [main/INFO] [ModernFix/]: Loaded configuration file for ModernFix 5.10.1+mc1.19.2: 77 options available, 0 override(s) found
[23Dec2024 04:38:40.229] [main/INFO] [ModernFix/]: Applying Nashorn fix
[23Dec2024 04:38:40.256] [main/INFO] [ModernFix/]: Applied Forge config corruption patch
[23Dec2024 04:38:40.285] [main/WARN] [mixin/]: Reference map 'universalgrid.refmap.json' for universalgrid.mixins.json could not be read. If this is a development environment you can ignore this message
[23Dec2024 04:38:40.367] [main/WARN] [mixin/]: Reference map 'yungsextras.refmap.json' for yungsextras.mixins.json could not be read. If this is a development environment you can ignore this message
[23Dec2024 04:38:40.373] [main/WARN] [mixin/]: Reference map 'yungsextras.refmap.json' for yungsextras_forge.mixins.json could not be read. If this is a development environment you can ignore this message
[23Dec2024 04:38:40.577] [main/WARN] [mixin/]: Reference map '${refmap_target}refmap.json' for corgilib.forge.mixins.json could not be read. If this is a development environment you can ignore this message
[23Dec2024 04:38:40.617] [main/WARN] [mixin/]: Reference map 'myrtrees-common-refmap.json' for myrtrees-common.mixins.json could not be read. If this is a development environment you can ignore this message
[23Dec2024 04:38:40.782] [main/WARN] [mixin/]: Reference map 'naturalist-forge-forge-refmap.json' for naturalist.mixins.json could not be read. If this is a development environment you can ignore this message
[23Dec2024 04:38:40.921] [main/WARN] [mixin/]: Reference map 'dummmmmmy-forge-refmap.json' for dummmmmmy.mixins.json could not be read. If this is a development environment you can ignore this message
[23Dec2024 04:38:42.450] [main/INFO] [net.minecraftforge.coremod.CoreMod.placebo/COREMODLOG]: Patching IForgeItemStack#getEnchantmentLevel
[23Dec2024 04:38:42.480] [main/INFO] [net.minecraftforge.coremod.CoreMod.placebo/COREMODLOG]: Patching IForgeItemStack#getEnchantmentLevel
[23Dec2024 04:38:43.272] [main/ERROR] [net.minecraftforge.fml.loading.RuntimeDistCleaner/DISTXFORM]: Attempted to load class net/minecraft/client/gui/screens/worldselection/WorldSelectionList$WorldListEntry for invalid dist DEDICATED_SERVER
[23Dec2024 04:38:43.275] [main/WARN] [mixin/]: Error loading class: net/minecraft/client/gui/screens/worldselection/WorldSelectionList$WorldListEntry (java.lang.RuntimeException: Attempted to load class net/minecraft/client/gui/screens/worldselection/WorldSelectionList$WorldListEntry for invalid dist DEDICATED_SERVER)
[23Dec2024 04:38:43.275] [main/WARN] [mixin/]: @Mixin target net.minecraft.client.gui.screens.worldselection.WorldSelectionList$WorldListEntry was not found modernfix-common.mixins.json:bugfix.world_screen_skipped.WorldSelectionListMixin
[23Dec2024 04:38:43.550] [main/ERROR] [net.minecraftforge.fml.loading.RuntimeDistCleaner/DISTXFORM]: Attempted to load class net/minecraft/client/gui/screens/worldselection/CreateWorldScreen for invalid dist DEDICATED_SERVER
[23Dec2024 04:38:43.552] [main/WARN] [mixin/]: Error loading class: net/minecraft/client/gui/screens/worldselection/CreateWorldScreen (java.lang.RuntimeException: Attempted to load class net/minecraft/client/gui/screens/worldselection/CreateWorldScreen for invalid dist DEDICATED_SERVER)
[23Dec2024 04:38:43.553] [main/WARN] [mixin/]: @Mixin target net.minecraft.client.gui.screens.worldselection.CreateWorldScreen was not found modernfix-forge.mixins.json:bugfix.extra_experimental_screen.CreateWorldScreenMixin
[23Dec2024 04:38:43.997] [main/INFO] [net.minecraftforge.coremod.CoreMod.apotheosis/COREMODLOG]: Replaced 2 calls to Enchantment#getMaxLevel() in net/minecraft/world/inventory/AnvilMenu
[23Dec2024 04:38:44.064] [main/INFO] [net.minecraftforge.coremod.CoreMod.placebo/COREMODLOG]: Patching IForgeItemStack#getEnchantmentLevel
[23Dec2024 04:38:44.065] [main/INFO] [net.minecraftforge.coremod.CoreMod.placebo/COREMODLOG]: Patching IForgeItemStack#getEnchantmentLevel
[23Dec2024 04:38:44.122] [main/WARN] [mixin/]: Error loading class: com/rolfmao/upgradednetherite/content/UpgradedNetheriteCrossbow (java.lang.ClassNotFoundException: com.rolfmao.upgradednetherite.content.UpgradedNetheriteCrossbow)
[23Dec2024 04:38:44.131] [main/WARN] [mixin/]: Error loading class: com/rolfmao/upgradednetherite_ultimate/content/UpgradedNetheriteCrossbow (java.lang.ClassNotFoundException: com.rolfmao.upgradednetherite_ultimate.content.UpgradedNetheriteCrossbow)
[23Dec2024 04:38:46.194] [main/INFO] [net.minecraftforge.coremod.CoreMod.apotheosis/COREMODLOG]: Patching FishingHook#catchingFish
[23Dec2024 04:38:46.798] [main/ERROR] [net.minecraftforge.fml.loading.RuntimeDistCleaner/DISTXFORM]: Attempted to load class net/minecraft/client/gui/screens/inventory/AbstractContainerScreen for invalid dist DEDICATED_SERVER
[23Dec2024 04:38:46.799] [main/WARN] [mixin/]: Error loading class: net/minecraft/client/gui/screens/inventory/AbstractContainerScreen (java.lang.RuntimeException: Attempted to load class net/minecraft/client/gui/screens/inventory/AbstractContainerScreen for invalid dist DEDICATED_SERVER)
[23Dec2024 04:38:46.799] [main/WARN] [mixin/]: @Mixin target net.minecraft.client.gui.screens.inventory.AbstractContainerScreen was not found findme-common.mixins.json:MixinSlotRenderer
[23Dec2024 04:38:46.807] [main/ERROR] [net.minecraftforge.fml.loading.RuntimeDistCleaner/DISTXFORM]: Attempted to load class net/minecraft/client/particle/ParticleEngine for invalid dist DEDICATED_SERVER
[23Dec2024 04:38:46.811] [main/WARN] [mixin/]: Error loading class: net/minecraft/client/particle/ParticleEngine (java.lang.RuntimeException: Attempted to load class net/minecraft/client/particle/ParticleEngine for invalid dist DEDICATED_SERVER)
[23Dec2024 04:38:46.813] [main/WARN] [mixin/]: @Mixin target net.minecraft.client.particle.ParticleEngine was not found findme-common.mixins.json:ParticleEngineAccessor
[23Dec2024 04:38:47.883] [main/WARN] [mixin/]: Error loading class: de/maxhenkel/voicechat/plugins/impl/audiochannel/EntityAudioChannelImpl (java.lang.ClassNotFoundException: de.maxhenkel.voicechat.plugins.impl.audiochannel.EntityAudioChannelImpl)
[23Dec2024 04:38:47.883] [main/WARN] [mixin/]: @Mixin target de.maxhenkel.voicechat.plugins.impl.audiochannel.EntityAudioChannelImpl was not found railways-common.mixins.json:compat.voicechat.EntityAudioChannelImplMixin
[23Dec2024 04:38:47.894] [main/WARN] [mixin/]: Error loading class: de/maxhenkel/voicechat/voice/server/Server (java.lang.ClassNotFoundException: de.maxhenkel.voicechat.voice.server.Server)
[23Dec2024 04:38:47.894] [main/WARN] [mixin/]: @Mixin target de.maxhenkel.voicechat.voice.server.Server was not found railways-common.mixins.json:compat.voicechat.ServerMixin
[23Dec2024 04:38:47.898] [main/WARN] [mixin/]: Error loading class: de/maxhenkel/voicechat/voice/server/ServerWorldUtils (java.lang.ClassNotFoundException: de.maxhenkel.voicechat.voice.server.ServerWorldUtils)
[23Dec2024 04:38:47.898] [main/WARN] [mixin/]: @Mixin target de.maxhenkel.voicechat.voice.server.ServerWorldUtils was not found railways-common.mixins.json:compat.voicechat.ServerWorldUtilsMixin
[23Dec2024 04:38:48.063] [main/WARN] [mixin/]: Error loading class: net/minecraft/client/renderer/entity/PhantomRenderer (java.lang.ClassNotFoundException: net.minecraft.client.renderer.entity.PhantomRenderer)
[23Dec2024 04:38:48.064] [main/WARN] [mixin/]: @Mixin target net.minecraft.client.renderer.entity.PhantomRenderer was not found mixins.deeperdarker.json:PhantomRendererMixin
[23Dec2024 04:38:48.968] [main/INFO] [net.minecraftforge.coremod.CoreMod.apotheosis/COREMODLOG]: Replaced 1 calls to Enchantment#getMaxLevel() in net/minecraft/world/entity/npc/VillagerTrades$EnchantBookForEmeralds
[23Dec2024 04:38:48.970] [main/INFO] [net.minecraftforge.coremod.CoreMod.apotheosis/COREMODLOG]: Replaced 1 calls to Enchantment#isTreasureOnly() in net/minecraft/world/entity/npc/VillagerTrades$EnchantBookForEmeralds
[23Dec2024 04:38:48.972] [main/INFO] [net.minecraftforge.coremod.CoreMod.apotheosis/COREMODLOG]: Replaced 1 calls to Enchantment#isTradeable() in net/minecraft/world/entity/npc/VillagerTrades$EnchantBookForEmeralds
[23Dec2024 04:38:49.024] [main/INFO] [net.minecraftforge.coremod.CoreMod.apotheosis/COREMODLOG]: Replaced 2 calls to Enchantment#getMaxLevel() in net/minecraft/world/item/EnchantedBookItem
[23Dec2024 04:38:49.060] [main/INFO] [net.minecraftforge.coremod.CoreMod.apotheosis/COREMODLOG]: Replaced 1 calls to Enchantment#getMaxLevel() in net/minecraft/world/level/storage/loot/functions/EnchantRandomlyFunction
[23Dec2024 04:38:49.061] [main/INFO] [net.minecraftforge.coremod.CoreMod.apotheosis/COREMODLOG]: Replaced 1 calls to Enchantment#isDiscoverable() in net/minecraft/world/level/storage/loot/functions/EnchantRandomlyFunction
[23Dec2024 04:38:49.651] [main/ERROR] [net.minecraftforge.fml.loading.RuntimeDistCleaner/DISTXFORM]: Attempted to load class net/minecraft/client/renderer/texture/TextureAtlas for invalid dist DEDICATED_SERVER
[23Dec2024 04:38:49.653] [main/WARN] [mixin/]: Error loading class: net/minecraft/client/renderer/texture/TextureAtlas (java.lang.RuntimeException: Attempted to load class net/minecraft/client/renderer/texture/TextureAtlas for invalid dist DEDICATED_SERVER)
[23Dec2024 04:38:49.654] [main/WARN] [mixin/]: @Mixin target net.minecraft.client.renderer.texture.TextureAtlas was not found fusion.mixins.json:modernfix.TextureAtlasMixinModernFix
[23Dec2024 04:38:49.953] [main/INFO] [MixinExtras|Service/]: Initializing MixinExtras via com.llamalad7.mixinextras.service.MixinExtrasServiceImpl(version=0.2.0-rc.5).
[23Dec2024 04:38:51.374] [main/INFO] [mixin/]: Mixing server.MixinDedicatedServer from nochatreports.mixins.json into net.minecraft.server.dedicated.DedicatedServer
[23Dec2024 04:38:51.665] [main/WARN] [mixin/]: Static binding violation: PRIVATE @Overwrite method m_216202_ in modernfix-forge.mixins.json:perf.tag_id_caching.TagOrElementLocationMixin cannot reduce visibiliy of PUBLIC target method, visibility will be upgraded.
[23Dec2024 04:38:52.498] [main/INFO] [net.minecraft.server.Bootstrap/]: ModernFix reached bootstrap stage (1.119 min after launch)
[23Dec2024 04:38:53.455] [main/INFO] [ModernFix/]: Injecting BlockStateBase cache population hook into getOpacityIfCached from ca.spottedleaf.starlight.mixin.common.blockstate.BlockStateBaseMixin
[23Dec2024 04:38:53.455] [main/INFO] [ModernFix/]: Injecting BlockStateBase cache population hook into isConditionallyFullOpaque from ca.spottedleaf.starlight.mixin.common.blockstate.BlockStateBaseMixin
[23Dec2024 04:38:56.782] [main/INFO] [mixin/]: Mixing server.MixinPlayer from nochatreports.mixins.json into net.minecraft.world.entity.player.Player
[23Dec2024 04:39:01.595] [main/INFO] [net.minecraft.server.Bootstrap/]: Vanilla bootstrap took 9086 milliseconds
[23Dec2024 04:39:02.284] [main/WARN] [mixin/]: @Redirect conflict. Skipping securitycraft.mixins.json:camera.ServerPlayerMixin->@Redirect::securitycraft$tick(Lnet/minecraft/server/level/ServerPlayer;DDDFF)V with priority 1100, already redirected by railways-common.mixins.json:conductor_possession.ServerPlayerMixin->@Redirect::snr$securitycraft$tick(Lnet/minecraft/server/level/ServerPlayer;DDDFF)V with priority 1200
[23Dec2024 04:39:04.116] [main/INFO] [net.minecraftforge.coremod.CoreMod.apotheosis/COREMODLOG]: Replaced 5 calls to Enchantment#getMaxLevel() in vazkii/quark/content/tools/module/AncientTomesModule
[23Dec2024 04:39:04.225] [main/INFO] [net.minecraftforge.coremod.CoreMod.placebo/COREMODLOG]: Patching IForgeItemStack#getEnchantmentLevel
[23Dec2024 04:39:04.226] [main/INFO] [net.minecraftforge.coremod.CoreMod.placebo/COREMODLOG]: Patching IForgeItemStack#getEnchantmentLevel
[23Dec2024 04:39:04.462] [main/INFO] [net.minecraftforge.coremod.CoreMod.apotheosis/COREMODLOG]: Replaced 2 calls to Enchantment#getMaxLevel() in net/minecraft/world/inventory/AnvilMenu
[23Dec2024 04:39:09.212] [main/INFO] [net.minecraftforge.coremod.CoreMod.apotheosis/COREMODLOG]: Patching FishingHook#catchingFish
[23Dec2024 04:39:10.462] [main/WARN] [mixin/]: Static binding violation: PRIVATE @Overwrite method m_47505_ in modernfix-common.mixins.json:perf.remove_biome_temperature_cache.BiomeMixin cannot reduce visibiliy of PUBLIC target method, visibility will be upgraded.
[23Dec2024 04:39:10.473] [main/WARN] [mixin/]: Method overwrite conflict for m_47505_ in modernfix-common.mixins.json:perf.remove_biome_temperature_cache.BiomeMixin, previously written by com.abdelaziz.saturn.mixin.leaks.biome_temperature_cache.BiomeMixin. Skipping method.
[23Dec2024 04:39:11.897] [main/INFO] [net.minecraftforge.coremod.CoreMod.apotheosis/COREMODLOG]: Replaced 2 calls to Enchantment#getMaxLevel() in net/minecraft/world/item/EnchantedBookItem
[23Dec2024 04:39:12.520] [main/INFO] [net.minecraftforge.coremod.CoreMod.apotheosis/COREMODLOG]: Replaced 1 calls to Enchantment#getMaxLevel() in net/minecraft/world/level/storage/loot/functions/EnchantRandomlyFunction
[23Dec2024 04:39:12.521] [main/INFO] [net.minecraftforge.coremod.CoreMod.apotheosis/COREMODLOG]: Replaced 1 calls to Enchantment#isDiscoverable() in net/minecraft/world/level/storage/loot/functions/EnchantRandomlyFunction
[23Dec2024 04:39:16.930] [modloading-worker-0/INFO] [paucal/]: Hello PAUCAL! This is FORGE!
[23Dec2024 04:39:17.412] [modloading-worker-0/INFO] [mixin/]: Mixing server.MixinPlayerList from nochatreports.mixins.json into net.minecraft.server.players.PlayerList
[23Dec2024 04:39:19.038] [modloading-worker-0/INFO] [dev.architectury.networking.forge.NetworkManagerImpl/]: Registering C2S receiver with id architectury:sync_ids
[23Dec2024 04:39:19.039] [modloading-worker-0/INFO] [dev.architectury.networking.forge.NetworkManagerImpl/]: Registering C2S receiver with id powah:packet
[23Dec2024 04:39:19.071] [modloading-worker-0/INFO] [MaxHealthFix/]: Loaded maxhealthfix for Forge.
[23Dec2024 04:39:19.184] [modloading-worker-0/INFO] [cabletiers/]: Loading config: /workspaces/Bosque-Encantado/servidor_minecraft/config/cabletiers-common.toml
[23Dec2024 04:39:19.185] [modloading-worker-0/INFO] [cabletiers/]: Built config: /workspaces/Bosque-Encantado/servidor_minecraft/config/cabletiers-common.toml
[23Dec2024 04:39:19.186] [modloading-worker-0/INFO] [cabletiers/]: Loaded config: /workspaces/Bosque-Encantado/servidor_minecraft/config/cabletiers-common.toml
[23Dec2024 04:39:19.187] [modloading-worker-0/WARN] [net.minecraftforge.common.ForgeConfigSpec/CORE]: Configuration file /workspaces/Bosque-Encantado/servidor_minecraft/config/cabletiers-common.toml is not correct. Correcting
[23Dec2024 04:39:19.188] [modloading-worker-0/WARN] [net.minecraftforge.common.ForgeConfigSpec/CORE]: Incorrect key eliteexporterspeed was corrected from null to its default, 2. 
[23Dec2024 04:39:19.189] [modloading-worker-0/WARN] [net.minecraftforge.common.ForgeConfigSpec/CORE]: Incorrect key eliteimporterspeed was corrected from null to its default, 2. 
[23Dec2024 04:39:19.191] [modloading-worker-0/WARN] [net.minecraftforge.common.ForgeConfigSpec/CORE]: Incorrect key eliteconstructorspeed was corrected from null to its default, 2. 
[23Dec2024 04:39:19.194] [modloading-worker-0/WARN] [net.minecraftforge.common.ForgeConfigSpec/CORE]: Incorrect key elitedestructorspeed was corrected from null to its default, 2. 
[23Dec2024 04:39:19.197] [modloading-worker-0/WARN] [net.minecraftforge.common.ForgeConfigSpec/CORE]: Incorrect key elitediskmanipulatorspeed was corrected from null to its default, 2. 
[23Dec2024 04:39:19.199] [modloading-worker-0/WARN] [net.minecraftforge.common.ForgeConfigSpec/CORE]: Incorrect key eliterequestermaxcraftamount was corrected from null to its default, 2000. 
[23Dec2024 04:39:19.202] [modloading-worker-0/WARN] [net.minecraftforge.common.ForgeConfigSpec/CORE]: Incorrect key eliteenergycost was corrected from null to its default, 2. 
[23Dec2024 04:39:19.206] [modloading-worker-0/WARN] [net.minecraftforge.common.ForgeConfigSpec/CORE]: Incorrect key ultraexporterspeed was corrected from null to its default, 6. 
[23Dec2024 04:39:19.207] [modloading-worker-0/WARN] [net.minecraftforge.common.ForgeConfigSpec/CORE]: Configuration file /workspaces/Bosque-Encantado/servidor_minecraft/config/shrink-common.toml is not correct. Correcting
[23Dec2024 04:39:19.208] [modloading-worker-0/WARN] [net.minecraftforge.common.ForgeConfigSpec/CORE]: Incorrect key enablePowerRequirements was corrected from null to its default, true. 
[23Dec2024 04:39:19.210] [modloading-worker-0/WARN] [net.minecraftforge.common.ForgeConfigSpec/CORE]: Incorrect key ultraimporterspeed was corrected from null to its default, 6. 
[23Dec2024 04:39:19.212] [modloading-worker-0/WARN] [net.minecraftforge.common.ForgeConfigSpec/CORE]: Incorrect key setPowerUsage was corrected from null to its default, 5000. 
[23Dec2024 04:39:19.214] [modloading-worker-0/WARN] [net.minecraftforge.common.ForgeConfigSpec/CORE]: Incorrect key setShrinkingDeviceCapacity was corrected from null to its default, 100000. 
[23Dec2024 04:39:19.215] [modloading-worker-0/WARN] [net.minecraftforge.common.ForgeConfigSpec/CORE]: Incorrect key ultraconstructorspeed was corrected from null to its default, 6. 
[23Dec2024 04:39:19.217] [modloading-worker-0/WARN] [net.minecraftforge.common.ForgeConfigSpec/CORE]: Incorrect key enableMobBottles was corrected from null to its default, true. 
[23Dec2024 04:39:19.217] [modloading-worker-0/WARN] [net.minecraftforge.common.ForgeConfigSpec/CORE]: Incorrect key ultradestructorspeed was corrected from null to its default, 6. 
[23Dec2024 04:39:19.219] [modloading-worker-0/WARN] [net.minecraftforge.common.ForgeConfigSpec/CORE]: Incorrect key maxSize was corrected from null to its default, 10.0. 
[23Dec2024 04:39:19.220] [modloading-worker-0/WARN] [net.minecraftforge.common.ForgeConfigSpec/CORE]: Incorrect key ultradiskmanipulatorspeed was corrected from null to its default, 6. 
[23Dec2024 04:39:19.221] [modloading-worker-0/WARN] [net.minecraftforge.common.ForgeConfigSpec/CORE]: Incorrect key minSize was corrected from null to its default, 0.21. 
[23Dec2024 04:39:19.222] [modloading-worker-0/WARN] [net.minecraftforge.common.ForgeConfigSpec/CORE]: Incorrect key ultrarequestermaxcraftamount was corrected from null to its default, 6000. 
[23Dec2024 04:39:19.225] [modloading-worker-0/WARN] [net.minecraftforge.common.ForgeConfigSpec/CORE]: Incorrect key ultraenergycost was corrected from null to its default, 4. 
[23Dec2024 04:39:19.228] [modloading-worker-0/WARN] [net.minecraftforge.common.ForgeConfigSpec/CORE]: Incorrect key creativeenergycost was corrected from null to its default, 0. 
[23Dec2024 04:39:19.256] [modloading-worker-0/INFO] [universalgrid/]: Loading config: /workspaces/Bosque-Encantado/servidor_minecraft/config/universalgrid-common.toml
[23Dec2024 04:39:19.257] [modloading-worker-0/INFO] [universalgrid/]: Built config: /workspaces/Bosque-Encantado/servidor_minecraft/config/universalgrid-common.toml
[23Dec2024 04:39:19.258] [modloading-worker-0/INFO] [universalgrid/]: Loaded config: /workspaces/Bosque-Encantado/servidor_minecraft/config/universalgrid-common.toml
[23Dec2024 04:39:19.259] [modloading-worker-0/WARN] [net.minecraftforge.common.ForgeConfigSpec/CORE]: Configuration file /workspaces/Bosque-Encantado/servidor_minecraft/config/universalgrid-common.toml is not correct. Correcting
[23Dec2024 04:39:19.260] [modloading-worker-0/WARN] [net.minecraftforge.common.ForgeConfigSpec/CORE]: Incorrect key useEnergy was corrected from null to its default, true. 
[23Dec2024 04:39:19.262] [modloading-worker-0/WARN] [net.minecraftforge.common.ForgeConfigSpec/CORE]: Incorrect key capacity was corrected from null to its default, 6400. 
[23Dec2024 04:39:19.265] [modloading-worker-0/WARN] [net.minecraftforge.common.ForgeConfigSpec/CORE]: Incorrect key openUsage was corrected from null to its default, 60. 
[23Dec2024 04:39:19.267] [modloading-worker-0/WARN] [net.minecraftforge.common.ForgeConfigSpec/CORE]: Incorrect key craftUsage was corrected from null to its default, 2. 
[23Dec2024 04:39:19.270] [modloading-worker-0/WARN] [net.minecraftforge.common.ForgeConfigSpec/CORE]: Incorrect key clearUsage was corrected from null to its default, 20. 
[23Dec2024 04:39:19.438] [modloading-worker-0/WARN] [net.minecraftforge.common.ForgeConfigSpec/CORE]: Configuration file /workspaces/Bosque-Encantado/servidor_minecraft/config/jeresources.toml is not correct. Correcting
[23Dec2024 04:39:19.439] [modloading-worker-0/WARN] [net.minecraftforge.common.ForgeConfigSpec/CORE]: Incorrect key itemsPerColumn was corrected from null to its default, 4. 
[23Dec2024 04:39:19.442] [modloading-worker-0/WARN] [net.minecraftforge.common.ForgeConfigSpec/CORE]: Incorrect key itemsPerRow was corrected from null to its default, 4. 
[23Dec2024 04:39:19.443] [modloading-worker-0/WARN] [net.minecraftforge.common.ForgeConfigSpec/CORE]: Incorrect key diyData was corrected from null to its default, true. 
[23Dec2024 04:39:19.444] [modloading-worker-0/WARN] [net.minecraftforge.common.ForgeConfigSpec/CORE]: Incorrect key showDevData was corrected from null to its default, false. 
[23Dec2024 04:39:19.444] [modloading-worker-0/WARN] [net.minecraftforge.common.ForgeConfigSpec/CORE]: Incorrect key enchantsBlacklist was corrected from null to its default, [flimflam, soulBound]. 
[23Dec2024 04:39:19.445] [modloading-worker-0/WARN] [net.minecraftforge.common.ForgeConfigSpec/CORE]: Incorrect key hiddenTabs was corrected from null to its default, []. 
[23Dec2024 04:39:19.445] [modloading-worker-0/WARN] [net.minecraftforge.common.ForgeConfigSpec/CORE]: Incorrect key dimensionsBlacklist was corrected from null to its default, [-11]. 
[23Dec2024 04:39:19.447] [modloading-worker-0/WARN] [net.minecraftforge.common.ForgeConfigSpec/CORE]: Incorrect key disableLootManagerReloading was corrected from null to its default, false. 
[23Dec2024 04:39:19.485] [modloading-worker-0/ERROR] [packmenu/]: Running on a dedicated server, disabling mod.
[23Dec2024 04:39:19.835] [modloading-worker-0/INFO] [PluginManager/]: Scanning classes for industrialforegoing
[23Dec2024 04:39:19.856] [modloading-worker-0/INFO] [PluginManager/]: Found FeaturePluginInstance for class CuriosPlugin for plugin curios
[23Dec2024 04:39:19.864] [modloading-worker-0/INFO] [PluginManager/]: Constructed class CuriosPlugin for plugin curios for mod industrialforegoing
[23Dec2024 04:39:19.868] [modloading-worker-0/INFO] [PluginManager/]: Executing phase CONSTRUCTION for plugin class CuriosPlugin
[23Dec2024 04:39:19.893] [modloading-worker-0/INFO] [PluginManager/]: Executing phase PRE_INIT for plugin class CuriosPlugin
[23Dec2024 04:39:20.214] [modloading-worker-0/INFO] [PluginManager/]: Executing phase INIT for plugin class CuriosPlugin
[23Dec2024 04:39:20.344] [modloading-worker-0/WARN] [net.minecraftforge.common.ForgeConfigSpec/CORE]: Configuration file /workspaces/Bosque-Encantado/servidor_minecraft/config/ironfurnaces-client.toml is not correct. Correcting
[23Dec2024 04:39:20.345] [modloading-worker-0/WARN] [net.minecraftforge.common.ForgeConfigSpec/CORE]: Incorrect key furnaces was corrected from null to its default, SimpleCommentedConfig:{}. 
[23Dec2024 04:39:20.345] [modloading-worker-0/WARN] [net.minecraftforge.common.ForgeConfigSpec/CORE]: Incorrect key furnaces.energy was corrected from null to its default, SimpleCommentedConfig:{}. 
[23Dec2024 04:39:20.345] [modloading-worker-0/WARN] [net.minecraftforge.common.ForgeConfigSpec/CORE]: Incorrect key furnaces.energy.tier_0 was corrected from null to its default, 80000. 
[23Dec2024 04:39:20.345] [modloading-worker-0/WARN] [net.minecraftforge.common.ForgeConfigSpec/CORE]: Incorrect key furnaces.energy.tier_1 was corrected from null to its default, 200000. 
[23Dec2024 04:39:20.346] [modloading-worker-0/WARN] [net.minecraftforge.common.ForgeConfigSpec/CORE]: Incorrect key furnaces.energy.tier_2 was corrected from null to its default, 1000000. 
[23Dec2024 04:39:20.347] [modloading-worker-0/WARN] [net.minecraftforge.common.ForgeConfigSpec/CORE]: Incorrect key furnaces.iron_furnace was corrected from null to its default, SimpleCommentedConfig:{}. 
[23Dec2024 04:39:20.347] [modloading-worker-0/WARN] [net.minecraftforge.common.ForgeConfigSpec/CORE]: Incorrect key furnaces.iron_furnace.tier was corrected from null to its default, 0. 
[23Dec2024 04:39:20.348] [modloading-worker-0/WARN] [net.minecraftforge.common.ForgeConfigSpec/CORE]: Incorrect key furnaces.iron_furnace.speed was corrected from null to its default, 160. 
[23Dec2024 04:39:20.348] [modloading-worker-0/WARN] [net.minecraftforge.common.ForgeConfigSpec/CORE]: Incorrect key furnaces.iron_furnace.generation was corrected from null to its default, 20. 
[23Dec2024 04:39:20.348] [modloading-worker-0/WARN] [net.minecraftforge.common.ForgeConfigSpec/CORE]: Incorrect key furnaces.copper_furnace was corrected from null to its default, SimpleCommentedConfig:{}. 
[23Dec2024 04:39:20.347] [modloading-worker-0/INFO] [PluginManager/]: Executing phase POST_INIT for plugin class CuriosPlugin
[23Dec2024 04:39:20.349] [modloading-worker-0/WARN] [net.minecraftforge.common.ForgeConfigSpec/CORE]: Incorrect key furnaces.copper_furnace.tier was corrected from null to its default, 0. 
[23Dec2024 04:39:20.351] [modloading-worker-0/WARN] [net.minecraftforge.common.ForgeConfigSpec/CORE]: Incorrect key furnaces.copper_furnace.speed was corrected from null to its default, 180. 
[23Dec2024 04:39:20.351] [modloading-worker-0/WARN] [net.minecraftforge.common.ForgeConfigSpec/CORE]: Incorrect key furnaces.copper_furnace.generation was corrected from null to its default, 20. 
[23Dec2024 04:39:20.352] [modloading-worker-0/WARN] [net.minecraftforge.common.ForgeConfigSpec/CORE]: Incorrect key furnaces.gold_furnace was corrected from null to its default, SimpleCommentedConfig:{}. 
[23Dec2024 04:39:20.352] [modloading-worker-0/WARN] [net.minecraftforge.common.ForgeConfigSpec/CORE]: Incorrect key furnaces.gold_furnace.tier was corrected from null to its default, 1. 
[23Dec2024 04:39:20.352] [modloading-worker-0/WARN] [net.minecraftforge.common.ForgeConfigSpec/CORE]: Incorrect key furnaces.gold_furnace.speed was corrected from null to its default, 120. 
[23Dec2024 04:39:20.352] [modloading-worker-0/WARN] [net.minecraftforge.common.ForgeConfigSpec/CORE]: Incorrect key furnaces.gold_furnace.generation was corrected from null to its default, 80. 
[23Dec2024 04:39:20.354] [modloading-worker-0/WARN] [net.minecraftforge.common.ForgeConfigSpec/CORE]: Incorrect key furnaces.diamond_furnace was corrected from null to its default, SimpleCommentedConfig:{}. 
[23Dec2024 04:39:20.354] [modloading-worker-0/WARN] [net.minecraftforge.common.ForgeConfigSpec/CORE]: Incorrect key furnaces.diamond_furnace.tier was corrected from null to its default, 1. 
[23Dec2024 04:39:20.354] [modloading-worker-0/WARN] [net.minecraftforge.common.ForgeConfigSpec/CORE]: Incorrect key furnaces.diamond_furnace.speed was corrected from null to its default, 80. 
[23Dec2024 04:39:20.355] [modloading-worker-0/WARN] [net.minecraftforge.common.ForgeConfigSpec/CORE]: Incorrect key furnaces.diamond_furnace.generation was corrected from null to its default, 120. 
[23Dec2024 04:39:20.355] [modloading-worker-0/WARN] [net.minecraftforge.common.ForgeConfigSpec/CORE]: Incorrect key furnaces.emerald_furnace was corrected from null to its default, SimpleCommentedConfig:{}. 
[23Dec2024 04:39:20.356] [modloading-worker-0/WARN] [net.minecraftforge.common.ForgeConfigSpec/CORE]: Incorrect key furnaces.emerald_furnace.tier was corrected from null to its default, 1. 
[23Dec2024 04:39:20.358] [modloading-worker-0/WARN] [net.minecraftforge.common.ForgeConfigSpec/CORE]: Incorrect key furnaces.emerald_furnace.speed was corrected from null to its default, 40. 
[23Dec2024 04:39:20.358] [modloading-worker-0/WARN] [net.minecraftforge.common.ForgeConfigSpec/CORE]: Incorrect key furnaces.emerald_furnace.generation was corrected from null to its default, 160. 
[23Dec2024 04:39:20.359] [modloading-worker-0/WARN] [net.minecraftforge.common.ForgeConfigSpec/CORE]: Incorrect key furnaces.silver_furnace was corrected from null to its default, SimpleCommentedConfig:{}. 
[23Dec2024 04:39:20.359] [modloading-worker-0/WARN] [net.minecraftforge.common.ForgeConfigSpec/CORE]: Incorrect key furnaces.silver_furnace.tier was corrected from null to its default, 1. 
[23Dec2024 04:39:20.360] [modloading-worker-0/WARN] [net.minecraftforge.common.ForgeConfigSpec/CORE]: Incorrect key furnaces.silver_furnace.speed was corrected from null to its default, 140. 
[23Dec2024 04:39:20.360] [modloading-worker-0/WARN] [net.minecraftforge.common.ForgeConfigSpec/CORE]: Incorrect key furnaces.silver_furnace.generation was corrected from null to its default, 50. 
[23Dec2024 04:39:20.361] [modloading-worker-0/WARN] [net.minecraftforge.common.ForgeConfigSpec/CORE]: Incorrect key furnaces.crystal_furnace was corrected from null to its default, SimpleCommentedConfig:{}. 
[23Dec2024 04:39:20.362] [modloading-worker-0/WARN] [net.minecraftforge.common.ForgeConfigSpec/CORE]: Incorrect key furnaces.crystal_furnace.tier was corrected from null to its default, 2. 
[23Dec2024 04:39:20.362] [modloading-worker-0/WARN] [net.minecraftforge.common.ForgeConfigSpec/CORE]: Incorrect key furnaces.crystal_furnace.speed was corrected from null to its default, 40. 
[23Dec2024 04:39:20.364] [modloading-worker-0/WARN] [net.minecraftforge.common.ForgeConfigSpec/CORE]: Incorrect key furnaces.crystal_furnace.generation was corrected from null to its default, 180. 
[23Dec2024 04:39:20.364] [modloading-worker-0/WARN] [net.minecraftforge.common.ForgeConfigSpec/CORE]: Incorrect key furnaces.obsidian_furnace was corrected from null to its default, SimpleCommentedConfig:{}. 
[23Dec2024 04:39:20.364] [modloading-worker-0/WARN] [net.minecraftforge.common.ForgeConfigSpec/CORE]: Incorrect key furnaces.obsidian_furnace.tier was corrected from null to its default, 2. 
[23Dec2024 04:39:20.365] [modloading-worker-0/WARN] [net.minecraftforge.common.ForgeConfigSpec/CORE]: Incorrect key furnaces.obsidian_furnace.speed was corrected from null to its default, 20. 
[23Dec2024 04:39:20.366] [modloading-worker-0/WARN] [net.minecraftforge.common.ForgeConfigSpec/CORE]: Incorrect key furnaces.obsidian_furnace.generation was corrected from null to its default, 250. 
[23Dec2024 04:39:20.368] [modloading-worker-0/WARN] [net.minecraftforge.common.ForgeConfigSpec/CORE]: Incorrect key furnaces.netherite_furnace was corrected from null to its default, SimpleCommentedConfig:{}. 
[23Dec2024 04:39:20.368] [modloading-worker-0/WARN] [net.minecraftforge.common.ForgeConfigSpec/CORE]: Incorrect key furnaces.netherite_furnace.tier was corrected from null to its default, 2. 
[23Dec2024 04:39:20.370] [modloading-worker-0/WARN] [net.minecraftforge.common.ForgeConfigSpec/CORE]: Incorrect key furnaces.netherite_furnace.speed was corrected from null to its default, 5. 
[23Dec2024 04:39:20.372] [modloading-worker-0/WARN] [net.minecraftforge.common.ForgeConfigSpec/CORE]: Incorrect key furnaces.netherite_furnace.generation was corrected from null to its default, 400. 
[23Dec2024 04:39:20.372] [modloading-worker-0/WARN] [net.minecraftforge.common.ForgeConfigSpec/CORE]: Incorrect key furnaces.million_furnace was corrected from null to its default, SimpleCommentedConfig:{}. 
[23Dec2024 04:39:20.373] [modloading-worker-0/WARN] [net.minecraftforge.common.ForgeConfigSpec/CORE]: Incorrect key furnaces.million_furnace.tier was corrected from null to its default, 2. 
[23Dec2024 04:39:20.374] [modloading-worker-0/WARN] [net.minecraftforge.common.ForgeConfigSpec/CORE]: Incorrect key furnaces.recipe_cache was corrected from null to its default, 10. 
[23Dec2024 04:39:20.375] [modloading-worker-0/WARN] [net.minecraftforge.common.ForgeConfigSpec/CORE]: Incorrect key furnaces.rainbow_furnace was corrected from null to its default, SimpleCommentedConfig:{}. 
[23Dec2024 04:39:20.376] [modloading-worker-0/WARN] [net.minecraftforge.common.ForgeConfigSpec/CORE]: Incorrect key furnaces.rainbow_furnace.speed was corrected from null to its default, 20. 
[23Dec2024 04:39:20.376] [modloading-worker-0/WARN] [net.minecraftforge.common.ForgeConfigSpec/CORE]: Incorrect key furnaces.rainbow_furnace.power was corrected from null to its default, 9. 
[23Dec2024 04:39:20.376] [modloading-worker-0/WARN] [net.minecraftforge.common.ForgeConfigSpec/CORE]: Incorrect key furnaces.rainbow_furnace.rainbow_generation was corrected from null to its default, 50000. 
[23Dec2024 04:39:20.377] [modloading-worker-0/WARN] [net.minecraftforge.common.ForgeConfigSpec/CORE]: Incorrect key furnaces.rainbow_furnace.generation was corrected from null to its default, 1000. 
[23Dec2024 04:39:20.378] [modloading-worker-0/WARN] [net.minecraftforge.common.ForgeConfigSpec/CORE]: Incorrect key furnaces.recipeMaxXPLevel was corrected from null to its default, SimpleCommentedConfig:{}. 
[23Dec2024 04:39:20.379] [modloading-worker-0/WARN] [net.minecraftforge.common.ForgeConfigSpec/CORE]: Incorrect key furnaces.recipeMaxXPLevel.level was corrected from null to its default, 100. 
[23Dec2024 04:39:20.388] [modloading-worker-0/WARN] [net.minecraftforge.common.ForgeConfigSpec/CORE]: Incorrect key modded_furnaces was corrected from null to its default, SimpleCommentedConfig:{}. 
[23Dec2024 04:39:20.389] [modloading-worker-0/WARN] [net.minecraftforge.common.ForgeConfigSpec/CORE]: Incorrect key modded_furnaces.allthemodium_furnace was corrected from null to its default, SimpleCommentedConfig:{}. 
[23Dec2024 04:39:20.389] [modloading-worker-0/WARN] [net.minecraftforge.common.ForgeConfigSpec/CORE]: Incorrect key modded_furnaces.allthemodium_furnace.speed was corrected from null to its default, 5. 
[23Dec2024 04:39:20.389] [modloading-worker-0/WARN] [net.minecraftforge.common.ForgeConfigSpec/CORE]: Incorrect key modded_furnaces.allthemodium_furnace.mult was corrected from null to its default, 16. 
[23Dec2024 04:39:20.389] [modloading-worker-0/WARN] [net.minecraftforge.common.ForgeConfigSpec/CORE]: Incorrect key modded_furnaces.allthemodium_furnace.generation was corrected from null to its default, 1000. 
[23Dec2024 04:39:20.389] [modloading-worker-0/WARN] [net.minecraftforge.common.ForgeConfigSpec/CORE]: Incorrect key modded_furnaces.allthemodium_furnace.tier was corrected from null to its default, 2. 
[23Dec2024 04:39:20.394] [modloading-worker-0/WARN] [net.minecraftforge.common.ForgeConfigSpec/CORE]: Incorrect key modded_furnaces.vibranium_furnace was corrected from null to its default, SimpleCommentedConfig:{}. 
[23Dec2024 04:39:20.394] [modloading-worker-0/WARN] [net.minecraftforge.common.ForgeConfigSpec/CORE]: Incorrect key modded_furnaces.vibranium_furnace.speed was corrected from null to its default, 3. 
[23Dec2024 04:39:20.394] [modloading-worker-0/WARN] [net.minecraftforge.common.ForgeConfigSpec/CORE]: Incorrect key modded_furnaces.vibranium_furnace.mult was corrected from null to its default, 32. 
[23Dec2024 04:39:20.395] [modloading-worker-0/WARN] [net.minecraftforge.common.ForgeConfigSpec/CORE]: Incorrect key modded_furnaces.vibranium_furnace.generation was corrected from null to its default, 1500. 
[23Dec2024 04:39:20.395] [modloading-worker-0/WARN] [net.minecraftforge.common.ForgeConfigSpec/CORE]: Incorrect key modded_furnaces.vibranium_furnace.tier was corrected from null to its default, 2. 
[23Dec2024 04:39:20.395] [modloading-worker-0/WARN] [net.minecraftforge.common.ForgeConfigSpec/CORE]: Incorrect key modded_furnaces.unobtainium_furnace was corrected from null to its default, SimpleCommentedConfig:{}. 
[23Dec2024 04:39:20.396] [modloading-worker-0/WARN] [net.minecraftforge.common.ForgeConfigSpec/CORE]: Incorrect key modded_furnaces.unobtainium_furnace.speed was corrected from null to its default, 1. 
[23Dec2024 04:39:20.396] [modloading-worker-0/WARN] [net.minecraftforge.common.ForgeConfigSpec/CORE]: Incorrect key modded_furnaces.unobtainium_furnace.mult was corrected from null to its default, 64. 
[23Dec2024 04:39:20.396] [modloading-worker-0/WARN] [net.minecraftforge.common.ForgeConfigSpec/CORE]: Incorrect key modded_furnaces.unobtainium_furnace.generation was corrected from null to its default, 2000. 
[23Dec2024 04:39:20.396] [modloading-worker-0/WARN] [net.minecraftforge.common.ForgeConfigSpec/CORE]: Incorrect key modded_furnaces.unobtainium_furnace.tier was corrected from null to its default, 2. 
[23Dec2024 04:39:20.400] [modloading-worker-0/WARN] [net.minecraftforge.common.ForgeConfigSpec/CORE]: Incorrect key jei was corrected from null to its default, SimpleCommentedConfig:{}. 
[23Dec2024 04:39:20.401] [modloading-worker-0/WARN] [net.minecraftforge.common.ForgeConfigSpec/CORE]: Incorrect key jei.jei was corrected from null to its default, SimpleCommentedConfig:{}. 
[23Dec2024 04:39:20.401] [modloading-worker-0/WARN] [net.minecraftforge.common.ForgeConfigSpec/CORE]: Incorrect key jei.jei.enable_jei was corrected from null to its default, true. 
[23Dec2024 04:39:20.401] [modloading-worker-0/WARN] [net.minecraftforge.common.ForgeConfigSpec/CORE]: Incorrect key jei.jei.enable_jei_catalysts was corrected from null to its default, true. 
[23Dec2024 04:39:20.402] [modloading-worker-0/WARN] [net.minecraftforge.common.ForgeConfigSpec/CORE]: Incorrect key jei.jei.enable_jei_click_area was corrected from null to its default, true. 
[23Dec2024 04:39:20.405] [modloading-worker-0/WARN] [net.minecraftforge.common.ForgeConfigSpec/CORE]: Incorrect key misc was corrected from null to its default, SimpleCommentedConfig:{}. 
[23Dec2024 04:39:20.407] [modloading-worker-0/WARN] [net.minecraftforge.common.ForgeConfigSpec/CORE]: Incorrect key misc.misc was corrected from null to its default, SimpleCommentedConfig:{}. 
[23Dec2024 04:39:20.409] [modloading-worker-0/WARN] [net.minecraftforge.common.ForgeConfigSpec/CORE]: Incorrect key misc.misc.rainbow was corrected from null to its default, true. 
[23Dec2024 04:39:20.410] [modloading-worker-0/WARN] [net.minecraftforge.common.ForgeConfigSpec/CORE]: Incorrect key misc.misc.errors was corrected from null to its default, false. 
[23Dec2024 04:39:20.410] [modloading-worker-0/WARN] [net.minecraftforge.common.ForgeConfigSpec/CORE]: Incorrect key misc.misc.web was corrected from null to its default, false. 
[23Dec2024 04:39:20.410] [modloading-worker-0/WARN] [net.minecraftforge.common.ForgeConfigSpec/CORE]: Incorrect key misc.misc.lightupdates was corrected from null to its default, false. 
[23Dec2024 04:39:20.416] [modloading-worker-0/WARN] [net.minecraftforge.common.ForgeConfigSpec/CORE]: Incorrect key updates was corrected from null to its default, SimpleCommentedConfig:{}. 
[23Dec2024 04:39:20.416] [modloading-worker-0/WARN] [net.minecraftforge.common.ForgeConfigSpec/CORE]: Incorrect key updates.check_updates was corrected from null to its default, SimpleCommentedConfig:{}. 
[23Dec2024 04:39:20.418] [modloading-worker-0/WARN] [net.minecraftforge.common.ForgeConfigSpec/CORE]: Incorrect key updates.check_updates.updates was corrected from null to its default, true. 
[23Dec2024 04:39:20.437] [modloading-worker-0/INFO] [ironfurnaces.IronFurnaces/]: Initializing Update Checker...
[23Dec2024 04:39:20.449] [ Iron Furnaces Update Checker/INFO] [ironfurnaces.IronFurnaces/]: Starting Update Check...
[23Dec2024 04:39:21.345] [ Iron Furnaces Update Checker/INFO] [ironfurnaces.IronFurnaces/]: Update Check done!
[23Dec2024 04:39:21.345] [ Iron Furnaces Update Checker/INFO] [ironfurnaces.IronFurnaces/]: Iron Furnaces is up to date!
[23Dec2024 04:39:21.595] [modloading-worker-0/INFO] [yungsextras/]: Creating directory for additional YUNG's Extras configuration at /workspaces/Bosque-Encantado/servidor_minecraft/config/YungsExtras/forge-1_19
